<?xml version="1.0" encoding="UTF-8" ?>
<testsuite tests="13" failures="0" name="test.nz.ac.wgtn.swen301.assignment1.TestStudentManager" time="6.048" errors="0" skipped="0">
  <properties>
    <property name="java.runtime.name" value="OpenJDK Runtime Environment"/>
    <property name="java.vm.version" value="11.0.10+9"/>
    <property name="sun.boot.library.path" value="/usr/pkg/java/adoptopenjdk11-bin/lib"/>
    <property name="maven.multiModuleProjectDirectory" value="/home/nicholowen/IdeaProjects/Assignment1"/>
    <property name="java.vm.vendor" value="AdoptOpenJDK"/>
    <property name="java.vendor.url" value="https://adoptopenjdk.net/"/>
    <property name="guice.disable.misplaced.annotation.check" value="true"/>
    <property name="path.separator" value=":"/>
    <property name="java.vm.name" value="OpenJDK 64-Bit Server VM"/>
    <property name="sun.os.patch.level" value="unknown"/>
    <property name="user.country" value="NZ"/>
    <property name="sun.java.launcher" value="SUN_STANDARD"/>
    <property name="java.vm.specification.name" value="Java Virtual Machine Specification"/>
    <property name="user.dir" value="/am/rialto/home1/nicholowen/IdeaProjects/Assignment1"/>
    <property name="java.vm.compressedOopsMode" value="32-bit"/>
    <property name="java.runtime.version" value="11.0.10+9"/>
    <property name="java.awt.graphicsenv" value="sun.awt.X11GraphicsEnvironment"/>
    <property name="os.arch" value="amd64"/>
    <property name="java.io.tmpdir" value="/tmp"/>
    <property name="line.separator" value="
"/>
    <property name="java.vm.specification.vendor" value="Oracle Corporation"/>
    <property name="os.name" value="Linux"/>
    <property name="classworlds.conf" value="/etc/maven/m2.conf"/>
    <property name="sun.jnu.encoding" value="UTF-8"/>
    <property name="java.library.path" value="/usr/java/packages/lib:/usr/lib64:/lib64:/lib:/usr/lib"/>
    <property name="maven.conf" value="/usr/pkg/conf"/>
    <property name="jdk.debug" value="release"/>
    <property name="java.class.version" value="55.0"/>
    <property name="java.specification.name" value="Java Platform API Specification"/>
    <property name="sun.management.compiler" value="HotSpot 64-Bit Tiered Compilers"/>
    <property name="os.version" value="5.10.10-arch1-1"/>
    <property name="library.jansi.path" value="/usr/pkg/lib/jansi-native"/>
    <property name="user.home" value="/home/nicholowen"/>
    <property name="user.timezone" value="NZ"/>
    <property name="java.awt.printerjob" value="sun.print.PSPrinterJob"/>
    <property name="file.encoding" value="UTF-8"/>
    <property name="java.specification.version" value="11"/>
    <property name="org.apache.maven.global-plugin-registry" value="/etc/maven/plugin-registry.xml"/>
    <property name="user.name" value="nicholowen"/>
    <property name="java.class.path" value="/usr/pkg/lib/java/maven/boot/plexus-classworlds-2.6.0.jar"/>
    <property name="java.vm.specification.version" value="11"/>
    <property name="sun.arch.data.model" value="64"/>
    <property name="sun.java.command" value="org.codehaus.plexus.classworlds.launcher.Launcher clean package"/>
    <property name="java.home" value="/usr/pkg/java/adoptopenjdk11-bin"/>
    <property name="user.language" value="en"/>
    <property name="java.specification.vendor" value="Oracle Corporation"/>
    <property name="awt.toolkit" value="sun.awt.X11.XToolkit"/>
    <property name="java.vm.info" value="mixed mode"/>
    <property name="org.apache.maven.global-settings" value="/etc/maven/settings.xml"/>
    <property name="java.version" value="11.0.10"/>
    <property name="securerandom.source" value="file:/dev/./urandom"/>
    <property name="java.vendor" value="AdoptOpenJDK"/>
    <property name="maven.home" value="/usr/pkg"/>
    <property name="file.separator" value="/"/>
    <property name="java.version.date" value="2021-01-19"/>
    <property name="java.vendor.url.bug" value="https://github.com/AdoptOpenJDK/openjdk-support/issues"/>
    <property name="sun.io.unicode.encoding" value="UnicodeLittle"/>
    <property name="sun.cpu.endian" value="little"/>
    <property name="java.vendor.version" value="AdoptOpenJDK"/>
    <property name="sun.cpu.isalist" value=""/>
  </properties>
  <testcase classname="test.nz.ac.wgtn.swen301.assignment1.TestStudentManager" name="testPerformance" time="2.384"/>
  <testcase classname="test.nz.ac.wgtn.swen301.assignment1.TestStudentManager" name="dummyTest" time="0.506"/>
  <testcase classname="test.nz.ac.wgtn.swen301.assignment1.TestStudentManager" name="deleteTest_1" time="0.401"/>
  <testcase classname="test.nz.ac.wgtn.swen301.assignment1.TestStudentManager" name="test_createStudent" time="0.414"/>
  <testcase classname="test.nz.ac.wgtn.swen301.assignment1.TestStudentManager" name="test_readStudent1" time="0.268"/>
  <testcase classname="test.nz.ac.wgtn.swen301.assignment1.TestStudentManager" name="test_readStudent2" time="0.276"/>
  <testcase classname="test.nz.ac.wgtn.swen301.assignment1.TestStudentManager" name="test_readStudent3" time="0.24"/>
  <testcase classname="test.nz.ac.wgtn.swen301.assignment1.TestStudentManager" name="test_getAllStudentIds" time="0.254"/>
  <testcase classname="test.nz.ac.wgtn.swen301.assignment1.TestStudentManager" name="test_updateStudent" time="0.262"/>
  <testcase classname="test.nz.ac.wgtn.swen301.assignment1.TestStudentManager" name="test_readDegree1" time="0.314"/>
  <testcase classname="test.nz.ac.wgtn.swen301.assignment1.TestStudentManager" name="test_readDegree2" time="0.245"/>
  <testcase classname="test.nz.ac.wgtn.swen301.assignment1.TestStudentManager" name="test_readDegree3" time="0.241"/>
  <testcase classname="test.nz.ac.wgtn.swen301.assignment1.TestStudentManager" name="test_getAllDegreeIds" time="0.243"/>
</testsuite>